{"/home/gwl/learning-react/src/App.js": {"path":"/home/gwl/learning-react/src/App.js","statementMap":{"0":{"start":{"line":5,"column":12},"end":{"line":16,"column":1}},"1":{"start":{"line":6,"column":2},"end":{"line":15,"column":4}}},"fnMap":{"0":{"name":"(anonymous_0)","decl":{"start":{"line":5,"column":12},"end":{"line":5,"column":13}},"loc":{"start":{"line":5,"column":18},"end":{"line":16,"column":1}},"line":5}},"branchMap":{},"s":{"0":1,"1":1},"f":{"0":1},"b":{},"_coverageSchema":"43e27e138ebf9cfc5966b082cf9a028302ed4184","hash":"fb0b55af4214d79a621d854ed71c3947fb5d3f10"}
,"/home/gwl/learning-react/src/FooterData.jsx": {"path":"/home/gwl/learning-react/src/FooterData.jsx","statementMap":{"0":{"start":{"line":3,"column":4},"end":{"line":50,"column":5}},"1":{"start":{"line":51,"column":30},"end":{"line":57,"column":7}}},"fnMap":{},"branchMap":{},"s":{"0":3,"1":3},"f":{},"b":{},"_coverageSchema":"43e27e138ebf9cfc5966b082cf9a028302ed4184","hash":"bca641ace4baef24d572f1daa6c6adc67ba1f250"}
,"/home/gwl/learning-react/src/Component/Footer/Footer.jsx": {"path":"/home/gwl/learning-react/src/Component/Footer/Footer.jsx","statementMap":{"0":{"start":{"line":13,"column":15},"end":{"line":30,"column":1}},"1":{"start":{"line":14,"column":4},"end":{"line":29,"column":6}},"2":{"start":{"line":18,"column":20},"end":{"line":18,"column":78}}},"fnMap":{"0":{"name":"(anonymous_0)","decl":{"start":{"line":13,"column":15},"end":{"line":13,"column":16}},"loc":{"start":{"line":13,"column":21},"end":{"line":30,"column":1}},"line":13},"1":{"name":"(anonymous_1)","decl":{"start":{"line":17,"column":32},"end":{"line":17,"column":33}},"loc":{"start":{"line":17,"column":53},"end":{"line":19,"column":17}},"line":17}},"branchMap":{},"s":{"0":2,"1":3,"2":15},"f":{"0":3,"1":15},"b":{},"_coverageSchema":"43e27e138ebf9cfc5966b082cf9a028302ed4184","hash":"e03707678196300ac37994189435975860fd6b3d"}
,"/home/gwl/learning-react/src/Component/Footer/FooterCopyright/FooterCopyright.jsx": {"path":"/home/gwl/learning-react/src/Component/Footer/FooterCopyright/FooterCopyright.jsx","statementMap":{"0":{"start":{"line":10,"column":19},"end":{"line":16,"column":1}},"1":{"start":{"line":11,"column":4},"end":{"line":15,"column":6}},"2":{"start":{"line":23,"column":24},"end":{"line":31,"column":1}},"3":{"start":{"line":24,"column":48},"end":{"line":24,"column":53}},"4":{"start":{"line":25,"column":4},"end":{"line":30,"column":6}},"5":{"start":{"line":32,"column":0},"end":{"line":35,"column":1}}},"fnMap":{"0":{"name":"(anonymous_0)","decl":{"start":{"line":10,"column":19},"end":{"line":10,"column":20}},"loc":{"start":{"line":10,"column":42},"end":{"line":16,"column":1}},"line":10},"1":{"name":"(anonymous_1)","decl":{"start":{"line":23,"column":24},"end":{"line":23,"column":25}},"loc":{"start":{"line":23,"column":33},"end":{"line":31,"column":1}},"line":23}},"branchMap":{},"s":{"0":2,"1":3,"2":2,"3":3,"4":3,"5":2},"f":{"0":3,"1":3},"b":{},"_coverageSchema":"43e27e138ebf9cfc5966b082cf9a028302ed4184","hash":"83ffa61f156c303972b7e015bfc99a1403a6631f"}
,"/home/gwl/learning-react/src/Component/Footer/FooterCopyright/index.jsx": {"path":"/home/gwl/learning-react/src/Component/Footer/FooterCopyright/index.jsx","statementMap":{},"fnMap":{},"branchMap":{},"s":{},"f":{},"b":{},"_coverageSchema":"43e27e138ebf9cfc5966b082cf9a028302ed4184","hash":"c9f45ee928e9b97aa60d773dea372d8db8595a22"}
,"/home/gwl/learning-react/src/Component/Footer/FooterLink/FooterLink.jsx": {"path":"/home/gwl/learning-react/src/Component/Footer/FooterLink/FooterLink.jsx","statementMap":{"0":{"start":{"line":12,"column":19},"end":{"line":26,"column":1}},"1":{"start":{"line":13,"column":25},"end":{"line":13,"column":30}},"2":{"start":{"line":14,"column":4},"end":{"line":25,"column":6}},"3":{"start":{"line":18,"column":16},"end":{"line":22,"column":18}},"4":{"start":{"line":27,"column":0},"end":{"line":29,"column":1}}},"fnMap":{"0":{"name":"(anonymous_0)","decl":{"start":{"line":12,"column":19},"end":{"line":12,"column":20}},"loc":{"start":{"line":12,"column":28},"end":{"line":26,"column":1}},"line":12},"1":{"name":"(anonymous_1)","decl":{"start":{"line":17,"column":34},"end":{"line":17,"column":35}},"loc":{"start":{"line":17,"column":52},"end":{"line":23,"column":14}},"line":17}},"branchMap":{},"s":{"0":2,"1":15,"2":15,"3":54,"4":2},"f":{"0":15,"1":54},"b":{},"_coverageSchema":"43e27e138ebf9cfc5966b082cf9a028302ed4184","hash":"1a347ad4b3750255d0bf9d275e45756959c8fe01"}
,"/home/gwl/learning-react/src/Component/Footer/FooterLink/index.jsx": {"path":"/home/gwl/learning-react/src/Component/Footer/FooterLink/index.jsx","statementMap":{},"fnMap":{},"branchMap":{},"s":{},"f":{},"b":{},"_coverageSchema":"43e27e138ebf9cfc5966b082cf9a028302ed4184","hash":"54c009b413cbc8d30a2b66a74521dbb50153bd7d"}
,"/home/gwl/learning-react/src/Component/Footer/FooterSocial/FooterSocial.jsx": {"path":"/home/gwl/learning-react/src/Component/Footer/FooterSocial/FooterSocial.jsx","statementMap":{"0":{"start":{"line":11,"column":21},"end":{"line":29,"column":1}},"1":{"start":{"line":12,"column":25},"end":{"line":12,"column":30}},"2":{"start":{"line":13,"column":4},"end":{"line":28,"column":6}},"3":{"start":{"line":18,"column":16},"end":{"line":24,"column":17}},"4":{"start":{"line":30,"column":0},"end":{"line":32,"column":1}}},"fnMap":{"0":{"name":"(anonymous_0)","decl":{"start":{"line":11,"column":21},"end":{"line":11,"column":22}},"loc":{"start":{"line":11,"column":30},"end":{"line":29,"column":1}},"line":11},"1":{"name":"(anonymous_1)","decl":{"start":{"line":17,"column":28},"end":{"line":17,"column":29}},"loc":{"start":{"line":17,"column":47},"end":{"line":25,"column":13}},"line":17}},"branchMap":{},"s":{"0":3,"1":4,"2":4,"3":20,"4":3},"f":{"0":4,"1":20},"b":{},"_coverageSchema":"43e27e138ebf9cfc5966b082cf9a028302ed4184","hash":"d0ab8793385a02a8a2d2dbd1c45ac02534b0722e"}
,"/home/gwl/learning-react/src/Component/Footer/FooterSocial/index.jsx": {"path":"/home/gwl/learning-react/src/Component/Footer/FooterSocial/index.jsx","statementMap":{},"fnMap":{},"branchMap":{},"s":{},"f":{},"b":{},"_coverageSchema":"43e27e138ebf9cfc5966b082cf9a028302ed4184","hash":"017ac844931a0dfd0d884289ec9250c83e26c719"}
,"/home/gwl/learning-react/src/Component/Shared/Button/Button.jsx": {"path":"/home/gwl/learning-react/src/Component/Shared/Button/Button.jsx","statementMap":{"0":{"start":{"line":15,"column":15},"end":{"line":36,"column":1}},"1":{"start":{"line":24,"column":8},"end":{"line":24,"column":13}},"2":{"start":{"line":25,"column":4},"end":{"line":35,"column":6}},"3":{"start":{"line":30,"column":26},"end":{"line":30,"column":55}},"4":{"start":{"line":38,"column":0},"end":{"line":46,"column":1}},"5":{"start":{"line":48,"column":0},"end":{"line":55,"column":4}}},"fnMap":{"0":{"name":"(anonymous_0)","decl":{"start":{"line":15,"column":15},"end":{"line":15,"column":16}},"loc":{"start":{"line":15,"column":24},"end":{"line":36,"column":1}},"line":15},"1":{"name":"(anonymous_1)","decl":{"start":{"line":30,"column":21},"end":{"line":30,"column":22}},"loc":{"start":{"line":30,"column":26},"end":{"line":30,"column":55}},"line":30},"2":{"name":"(anonymous_2)","decl":{"start":{"line":42,"column":20},"end":{"line":42,"column":21}},"loc":{"start":{"line":42,"column":26},"end":{"line":42,"column":28}},"line":42}},"branchMap":{},"s":{"0":5,"1":60,"2":60,"3":10,"4":5,"5":5},"f":{"0":60,"1":10,"2":0},"b":{},"_coverageSchema":"43e27e138ebf9cfc5966b082cf9a028302ed4184","hash":"ea3ad083c535099b850bae627813ac4c6c012911"}
,"/home/gwl/learning-react/src/Component/Shared/Button/index.jsx": {"path":"/home/gwl/learning-react/src/Component/Shared/Button/index.jsx","statementMap":{},"fnMap":{},"branchMap":{},"s":{},"f":{},"b":{},"_coverageSchema":"43e27e138ebf9cfc5966b082cf9a028302ed4184","hash":"6030762d8c1491d69c7cc11ae04468b285ff8707"}
,"/home/gwl/learning-react/src/Component/Shared/Heading/Heading.jsx": {"path":"/home/gwl/learning-react/src/Component/Shared/Heading/Heading.jsx","statementMap":{"0":{"start":{"line":10,"column":16},"end":{"line":24,"column":1}},"1":{"start":{"line":11,"column":38},"end":{"line":11,"column":43}},"2":{"start":{"line":12,"column":4},"end":{"line":23,"column":5}},"3":{"start":{"line":14,"column":12},"end":{"line":14,"column":73}},"4":{"start":{"line":16,"column":12},"end":{"line":16,"column":73}},"5":{"start":{"line":18,"column":12},"end":{"line":18,"column":73}},"6":{"start":{"line":20,"column":12},"end":{"line":20,"column":73}},"7":{"start":{"line":22,"column":12},"end":{"line":22,"column":24}},"8":{"start":{"line":25,"column":0},"end":{"line":28,"column":1}},"9":{"start":{"line":29,"column":0},"end":{"line":31,"column":1}}},"fnMap":{"0":{"name":"(anonymous_0)","decl":{"start":{"line":10,"column":16},"end":{"line":10,"column":17}},"loc":{"start":{"line":10,"column":25},"end":{"line":24,"column":1}},"line":10}},"branchMap":{"0":{"loc":{"start":{"line":12,"column":4},"end":{"line":23,"column":5}},"type":"switch","locations":[{"start":{"line":13,"column":8},"end":{"line":14,"column":73}},{"start":{"line":15,"column":8},"end":{"line":16,"column":73}},{"start":{"line":17,"column":8},"end":{"line":18,"column":73}},{"start":{"line":19,"column":8},"end":{"line":20,"column":73}},{"start":{"line":21,"column":8},"end":{"line":22,"column":24}}],"line":12}},"s":{"0":3,"1":21,"2":21,"3":1,"4":1,"5":1,"6":17,"7":1,"8":3,"9":3},"f":{"0":21},"b":{"0":[1,1,1,17,1]},"_coverageSchema":"43e27e138ebf9cfc5966b082cf9a028302ed4184","hash":"e9309f4debd00e488d3ab2ef094c02dec8d93e0d"}
,"/home/gwl/learning-react/src/Component/Shared/Heading/index.jsx": {"path":"/home/gwl/learning-react/src/Component/Shared/Heading/index.jsx","statementMap":{},"fnMap":{},"branchMap":{},"s":{},"f":{},"b":{},"_coverageSchema":"43e27e138ebf9cfc5966b082cf9a028302ed4184","hash":"75cfc7e9495f2da031b26b33d717c2fd47a5c20e"}
,"/home/gwl/learning-react/src/Component/Shared/Icons/Icon.jsx": {"path":"/home/gwl/learning-react/src/Component/Shared/Icons/Icon.jsx","statementMap":{"0":{"start":{"line":10,"column":13},"end":{"line":18,"column":1}},"1":{"start":{"line":11,"column":32},"end":{"line":11,"column":37}},"2":{"start":{"line":12,"column":4},"end":{"line":17,"column":6}},"3":{"start":{"line":19,"column":0},"end":{"line":22,"column":1}}},"fnMap":{"0":{"name":"(anonymous_0)","decl":{"start":{"line":10,"column":13},"end":{"line":10,"column":14}},"loc":{"start":{"line":10,"column":22},"end":{"line":18,"column":1}},"line":10}},"branchMap":{},"s":{"0":4,"1":22,"2":22,"3":4},"f":{"0":22},"b":{},"_coverageSchema":"43e27e138ebf9cfc5966b082cf9a028302ed4184","hash":"cb747ac13cdb6557014a40b4a5beca828eaa0feb"}
,"/home/gwl/learning-react/src/Component/Shared/Icons/index.jsx": {"path":"/home/gwl/learning-react/src/Component/Shared/Icons/index.jsx","statementMap":{},"fnMap":{},"branchMap":{},"s":{},"f":{},"b":{},"_coverageSchema":"43e27e138ebf9cfc5966b082cf9a028302ed4184","hash":"6056e8f38c5d267af688446ebf4a6669a4089506"}
,"/home/gwl/learning-react/src/Component/Shared/Input/Input.jsx": {"path":"/home/gwl/learning-react/src/Component/Shared/Input/Input.jsx","statementMap":{"0":{"start":{"line":15,"column":14},"end":{"line":40,"column":1}},"1":{"start":{"line":24,"column":8},"end":{"line":24,"column":13}},"2":{"start":{"line":25,"column":4},"end":{"line":39,"column":6}},"3":{"start":{"line":34,"column":31},"end":{"line":34,"column":46}},"4":{"start":{"line":42,"column":0},"end":{"line":50,"column":2}},"5":{"start":{"line":52,"column":0},"end":{"line":60,"column":2}}},"fnMap":{"0":{"name":"(anonymous_0)","decl":{"start":{"line":15,"column":14},"end":{"line":15,"column":15}},"loc":{"start":{"line":15,"column":23},"end":{"line":40,"column":1}},"line":15},"1":{"name":"(anonymous_1)","decl":{"start":{"line":34,"column":26},"end":{"line":34,"column":27}},"loc":{"start":{"line":34,"column":31},"end":{"line":34,"column":46}},"line":34},"2":{"name":"(anonymous_2)","decl":{"start":{"line":47,"column":14},"end":{"line":47,"column":15}},"loc":{"start":{"line":47,"column":20},"end":{"line":47,"column":22}},"line":47}},"branchMap":{},"s":{"0":2,"1":1,"2":1,"3":1,"4":2,"5":2},"f":{"0":1,"1":1,"2":0},"b":{},"_coverageSchema":"43e27e138ebf9cfc5966b082cf9a028302ed4184","hash":"9b48096d94f126c7fa5473e96675fb277b8ab764"}
,"/home/gwl/learning-react/src/Component/Shared/Input/index.jsx": {"path":"/home/gwl/learning-react/src/Component/Shared/Input/index.jsx","statementMap":{},"fnMap":{},"branchMap":{},"s":{},"f":{},"b":{},"_coverageSchema":"43e27e138ebf9cfc5966b082cf9a028302ed4184","hash":"cbce4fa7873bdc93e42392496be96a38194f9b08"}
,"/home/gwl/learning-react/src/Component/Shared/Link/Link.jsx": {"path":"/home/gwl/learning-react/src/Component/Shared/Link/Link.jsx","statementMap":{"0":{"start":{"line":8,"column":13},"end":{"line":11,"column":1}},"1":{"start":{"line":9,"column":25},"end":{"line":9,"column":30}},"2":{"start":{"line":10,"column":4},"end":{"line":10,"column":40}},"3":{"start":{"line":12,"column":0},"end":{"line":14,"column":1}}},"fnMap":{"0":{"name":"(anonymous_0)","decl":{"start":{"line":8,"column":13},"end":{"line":8,"column":14}},"loc":{"start":{"line":8,"column":22},"end":{"line":11,"column":1}},"line":8}},"branchMap":{},"s":{"0":2,"1":54,"2":54,"3":2},"f":{"0":54},"b":{},"_coverageSchema":"43e27e138ebf9cfc5966b082cf9a028302ed4184","hash":"ac488cdde1d3abb5e2b6c13c645c8531c7ffc1e3"}
,"/home/gwl/learning-react/src/Component/Shared/Link/index.jsx": {"path":"/home/gwl/learning-react/src/Component/Shared/Link/index.jsx","statementMap":{},"fnMap":{},"branchMap":{},"s":{},"f":{},"b":{},"_coverageSchema":"43e27e138ebf9cfc5966b082cf9a028302ed4184","hash":"85b8fca57f75e44317289a6e9a23a54e28fd0553"}
,"/home/gwl/learning-react/src/Component/Shared/Text/Text.jsx": {"path":"/home/gwl/learning-react/src/Component/Shared/Text/Text.jsx","statementMap":{"0":{"start":{"line":8,"column":13},"end":{"line":11,"column":1}},"1":{"start":{"line":9,"column":21},"end":{"line":9,"column":26}},"2":{"start":{"line":10,"column":4},"end":{"line":10,"column":32}},"3":{"start":{"line":12,"column":0},"end":{"line":14,"column":1}}},"fnMap":{"0":{"name":"(anonymous_0)","decl":{"start":{"line":8,"column":13},"end":{"line":8,"column":14}},"loc":{"start":{"line":8,"column":22},"end":{"line":11,"column":1}},"line":8}},"branchMap":{},"s":{"0":5,"1":18,"2":18,"3":5},"f":{"0":18},"b":{},"_coverageSchema":"43e27e138ebf9cfc5966b082cf9a028302ed4184","hash":"3bca655153bb07b4292f41cb7d21791ba2a3b201"}
,"/home/gwl/learning-react/src/Component/Shared/Text/index.jsx": {"path":"/home/gwl/learning-react/src/Component/Shared/Text/index.jsx","statementMap":{},"fnMap":{},"branchMap":{},"s":{},"f":{},"b":{},"_coverageSchema":"43e27e138ebf9cfc5966b082cf9a028302ed4184","hash":"0e80eab298c1c5756633d23a4bf763d30274ff43"}
,"/home/gwl/learning-react/src/Component/ToDo/ToDo.jsx": {"path":"/home/gwl/learning-react/src/Component/ToDo/ToDo.jsx","statementMap":{"0":{"start":{"line":11,"column":8},"end":{"line":11,"column":21}},"1":{"start":{"line":12,"column":8},"end":{"line":19,"column":9}},"2":{"start":{"line":21,"column":19},"end":{"line":25,"column":5}},"3":{"start":{"line":22,"column":8},"end":{"line":24,"column":11}},"4":{"start":{"line":26,"column":14},"end":{"line":66,"column":5}},"5":{"start":{"line":27,"column":8},"end":{"line":27,"column":27}},"6":{"start":{"line":28,"column":28},"end":{"line":28,"column":57}},"7":{"start":{"line":29,"column":8},"end":{"line":65,"column":9}},"8":{"start":{"line":31,"column":12},"end":{"line":35,"column":13}},"9":{"start":{"line":31,"column":22},"end":{"line":31,"column":23}},"10":{"start":{"line":32,"column":16},"end":{"line":34,"column":17}},"11":{"start":{"line":33,"column":20},"end":{"line":33,"column":60}},"12":{"start":{"line":36,"column":12},"end":{"line":45,"column":14}},"13":{"start":{"line":39,"column":25},"end":{"line":44,"column":17}},"14":{"start":{"line":48,"column":12},"end":{"line":54,"column":14}},"15":{"start":{"line":55,"column":12},"end":{"line":64,"column":14}},"16":{"start":{"line":58,"column":24},"end":{"line":63,"column":17}},"17":{"start":{"line":68,"column":20},"end":{"line":73,"column":5}},"18":{"start":{"line":69,"column":8},"end":{"line":72,"column":10}},"19":{"start":{"line":75,"column":8},"end":{"line":102,"column":10}},"20":{"start":{"line":78,"column":40},"end":{"line":78,"column":73}},"21":{"start":{"line":99,"column":40},"end":{"line":99,"column":74}}},"fnMap":{"0":{"name":"(anonymous_0)","decl":{"start":{"line":10,"column":4},"end":{"line":10,"column":5}},"loc":{"start":{"line":10,"column":22},"end":{"line":20,"column":5}},"line":10},"1":{"name":"(anonymous_1)","decl":{"start":{"line":21,"column":19},"end":{"line":21,"column":20}},"loc":{"start":{"line":21,"column":24},"end":{"line":25,"column":5}},"line":21},"2":{"name":"(anonymous_2)","decl":{"start":{"line":26,"column":14},"end":{"line":26,"column":15}},"loc":{"start":{"line":26,"column":27},"end":{"line":66,"column":5}},"line":26},"3":{"name":"(anonymous_3)","decl":{"start":{"line":39,"column":18},"end":{"line":39,"column":19}},"loc":{"start":{"line":39,"column":25},"end":{"line":44,"column":17}},"line":39},"4":{"name":"(anonymous_4)","decl":{"start":{"line":58,"column":18},"end":{"line":58,"column":19}},"loc":{"start":{"line":58,"column":24},"end":{"line":63,"column":17}},"line":58},"5":{"name":"(anonymous_5)","decl":{"start":{"line":68,"column":20},"end":{"line":68,"column":21}},"loc":{"start":{"line":68,"column":34},"end":{"line":73,"column":5}},"line":68},"6":{"name":"(anonymous_6)","decl":{"start":{"line":74,"column":4},"end":{"line":74,"column":5}},"loc":{"start":{"line":74,"column":14},"end":{"line":103,"column":5}},"line":74},"7":{"name":"(anonymous_7)","decl":{"start":{"line":78,"column":36},"end":{"line":78,"column":37}},"loc":{"start":{"line":78,"column":40},"end":{"line":78,"column":73}},"line":78},"8":{"name":"(anonymous_8)","decl":{"start":{"line":99,"column":33},"end":{"line":99,"column":34}},"loc":{"start":{"line":99,"column":40},"end":{"line":99,"column":74}},"line":99}},"branchMap":{"0":{"loc":{"start":{"line":29,"column":8},"end":{"line":65,"column":9}},"type":"if","locations":[{"start":{"line":29,"column":8},"end":{"line":65,"column":9}},{"start":{"line":29,"column":8},"end":{"line":65,"column":9}}],"line":29},"1":{"loc":{"start":{"line":32,"column":16},"end":{"line":34,"column":17}},"type":"if","locations":[{"start":{"line":32,"column":16},"end":{"line":34,"column":17}},{"start":{"line":32,"column":16},"end":{"line":34,"column":17}}],"line":32}},"s":{"0":0,"1":0,"2":0,"3":0,"4":0,"5":0,"6":0,"7":0,"8":0,"9":0,"10":0,"11":0,"12":0,"13":0,"14":0,"15":0,"16":0,"17":0,"18":0,"19":0,"20":0,"21":0},"f":{"0":0,"1":0,"2":0,"3":0,"4":0,"5":0,"6":0,"7":0,"8":0},"b":{"0":[0,0],"1":[0,0]},"_coverageSchema":"43e27e138ebf9cfc5966b082cf9a028302ed4184","hash":"508fb1b3b607317cf5213342fd65095fb53e836e"}
,"/home/gwl/learning-react/src/Component/ToDo/index.jsx": {"path":"/home/gwl/learning-react/src/Component/ToDo/index.jsx","statementMap":{},"fnMap":{},"branchMap":{},"s":{},"f":{},"b":{},"hash":"7d8143cd77371f84ce66acb7579bf25b61d5ce82"}
,"/home/gwl/learning-react/src/Component/ToDo/CompleteToDoStatus/CompleteToDoStatus.jsx": {"path":"/home/gwl/learning-react/src/Component/ToDo/CompleteToDoStatus/CompleteToDoStatus.jsx","statementMap":{"0":{"start":{"line":11,"column":27},"end":{"line":27,"column":1}},"1":{"start":{"line":16,"column":8},"end":{"line":16,"column":13}},"2":{"start":{"line":17,"column":4},"end":{"line":26,"column":6}},"3":{"start":{"line":28,"column":0},"end":{"line":32,"column":1}},"4":{"start":{"line":33,"column":0},"end":{"line":37,"column":1}}},"fnMap":{"0":{"name":"(anonymous_0)","decl":{"start":{"line":11,"column":27},"end":{"line":11,"column":28}},"loc":{"start":{"line":11,"column":36},"end":{"line":27,"column":1}},"line":11},"1":{"name":"(anonymous_1)","decl":{"start":{"line":30,"column":19},"end":{"line":30,"column":20}},"loc":{"start":{"line":30,"column":25},"end":{"line":30,"column":27}},"line":30}},"branchMap":{"0":{"loc":{"start":{"line":20,"column":24},"end":{"line":20,"column":70}},"type":"cond-expr","locations":[{"start":{"line":20,"column":45},"end":{"line":20,"column":56}},{"start":{"line":20,"column":57},"end":{"line":20,"column":70}}],"line":20},"1":{"loc":{"start":{"line":21,"column":25},"end":{"line":21,"column":80}},"type":"cond-expr","locations":[{"start":{"line":21,"column":46},"end":{"line":21,"column":65}},{"start":{"line":21,"column":66},"end":{"line":21,"column":80}}],"line":21},"2":{"loc":{"start":{"line":24,"column":20},"end":{"line":24,"column":51}},"type":"cond-expr","locations":[{"start":{"line":24,"column":41},"end":{"line":24,"column":45}},{"start":{"line":24,"column":46},"end":{"line":24,"column":51}}],"line":24}},"s":{"0":2,"1":6,"2":6,"3":2,"4":2},"f":{"0":6,"1":0},"b":{"0":[0,6],"1":[0,6],"2":[0,6]},"_coverageSchema":"43e27e138ebf9cfc5966b082cf9a028302ed4184","hash":"269796a46589752b066c693c5780c6415e7223a0"}
,"/home/gwl/learning-react/src/Component/ToDo/CompleteToDoStatus/index.jsx": {"path":"/home/gwl/learning-react/src/Component/ToDo/CompleteToDoStatus/index.jsx","statementMap":{},"fnMap":{},"branchMap":{},"s":{},"f":{},"b":{},"_coverageSchema":"43e27e138ebf9cfc5966b082cf9a028302ed4184","hash":"ae954fb64be829ddad334133259adab2491ebeb8"}
,"/home/gwl/learning-react/src/Component/ToDo/ToDoAction/ToDoAction.jsx": {"path":"/home/gwl/learning-react/src/Component/ToDo/ToDoAction/ToDoAction.jsx","statementMap":{"0":{"start":{"line":11,"column":19},"end":{"line":35,"column":1}},"1":{"start":{"line":16,"column":8},"end":{"line":16,"column":13}},"2":{"start":{"line":17,"column":4},"end":{"line":34,"column":6}},"3":{"start":{"line":36,"column":0},"end":{"line":40,"column":1}},"4":{"start":{"line":41,"column":0},"end":{"line":45,"column":1}}},"fnMap":{"0":{"name":"(anonymous_0)","decl":{"start":{"line":11,"column":19},"end":{"line":11,"column":20}},"loc":{"start":{"line":11,"column":28},"end":{"line":35,"column":1}},"line":11},"1":{"name":"(anonymous_1)","decl":{"start":{"line":37,"column":35},"end":{"line":37,"column":36}},"loc":{"start":{"line":37,"column":41},"end":{"line":37,"column":43}},"line":37},"2":{"name":"(anonymous_2)","decl":{"start":{"line":38,"column":35},"end":{"line":38,"column":36}},"loc":{"start":{"line":38,"column":41},"end":{"line":38,"column":43}},"line":38}},"branchMap":{},"s":{"0":3,"1":7,"2":7,"3":3,"4":3},"f":{"0":7,"1":0,"2":0},"b":{},"_coverageSchema":"43e27e138ebf9cfc5966b082cf9a028302ed4184","hash":"fd43ee6ab85239fdeb7bf06a90aabdf1213aa7a5"}
,"/home/gwl/learning-react/src/Component/ToDo/ToDoAction/index.jsx": {"path":"/home/gwl/learning-react/src/Component/ToDo/ToDoAction/index.jsx","statementMap":{},"fnMap":{},"branchMap":{},"s":{},"f":{},"b":{},"_coverageSchema":"43e27e138ebf9cfc5966b082cf9a028302ed4184","hash":"3d1962a8076fbd925a49b4716cac9954570a9e14"}
,"/home/gwl/learning-react/src/Component/ToDo/ToDoElements/ToDoElements.jsx": {"path":"/home/gwl/learning-react/src/Component/ToDo/ToDoElements/ToDoElements.jsx","statementMap":{"0":{"start":{"line":19,"column":21},"end":{"line":56,"column":1}},"1":{"start":{"line":29,"column":8},"end":{"line":29,"column":13}},"2":{"start":{"line":30,"column":4},"end":{"line":55,"column":6}},"3":{"start":{"line":57,"column":0},"end":{"line":66,"column":1}},"4":{"start":{"line":67,"column":0},"end":{"line":76,"column":1}}},"fnMap":{"0":{"name":"(anonymous_0)","decl":{"start":{"line":19,"column":21},"end":{"line":19,"column":22}},"loc":{"start":{"line":19,"column":30},"end":{"line":56,"column":1}},"line":19},"1":{"name":"(anonymous_1)","decl":{"start":{"line":62,"column":22},"end":{"line":62,"column":23}},"loc":{"start":{"line":62,"column":28},"end":{"line":62,"column":30}},"line":62},"2":{"name":"(anonymous_2)","decl":{"start":{"line":63,"column":30},"end":{"line":63,"column":31}},"loc":{"start":{"line":63,"column":36},"end":{"line":63,"column":38}},"line":63},"3":{"name":"(anonymous_3)","decl":{"start":{"line":64,"column":16},"end":{"line":64,"column":17}},"loc":{"start":{"line":64,"column":22},"end":{"line":64,"column":24}},"line":64},"4":{"name":"(anonymous_4)","decl":{"start":{"line":65,"column":16},"end":{"line":65,"column":17}},"loc":{"start":{"line":65,"column":22},"end":{"line":65,"column":24}},"line":65}},"branchMap":{},"s":{"0":2,"1":6,"2":6,"3":2,"4":2},"f":{"0":6,"1":0,"2":0,"3":0,"4":0},"b":{},"_coverageSchema":"43e27e138ebf9cfc5966b082cf9a028302ed4184","hash":"52db4f84f3be632017efb0479e65af924bcbb004"}
,"/home/gwl/learning-react/src/Component/ToDo/ToDoElements/index.jsx": {"path":"/home/gwl/learning-react/src/Component/ToDo/ToDoElements/index.jsx","statementMap":{},"fnMap":{},"branchMap":{},"s":{},"f":{},"b":{},"_coverageSchema":"43e27e138ebf9cfc5966b082cf9a028302ed4184","hash":"abc07148637af8e969eadd35b7a31655959ec4ae"}
,"/home/gwl/learning-react/src/Component/ToDo/ToDoFilter/ToDoFilter.jsx": {"path":"/home/gwl/learning-react/src/Component/ToDo/ToDoFilter/ToDoFilter.jsx","statementMap":{"0":{"start":{"line":11,"column":19},"end":{"line":46,"column":1}},"1":{"start":{"line":12,"column":41},"end":{"line":12,"column":46}},"2":{"start":{"line":13,"column":4},"end":{"line":45,"column":6}},"3":{"start":{"line":48,"column":0},"end":{"line":51,"column":4}},"4":{"start":{"line":52,"column":0},"end":{"line":55,"column":1}}},"fnMap":{"0":{"name":"(anonymous_0)","decl":{"start":{"line":11,"column":19},"end":{"line":11,"column":20}},"loc":{"start":{"line":11,"column":28},"end":{"line":46,"column":1}},"line":11},"1":{"name":"(anonymous_1)","decl":{"start":{"line":49,"column":19},"end":{"line":49,"column":20}},"loc":{"start":{"line":49,"column":25},"end":{"line":49,"column":27}},"line":49}},"branchMap":{"0":{"loc":{"start":{"line":18,"column":30},"end":{"line":18,"column":83}},"type":"cond-expr","locations":[{"start":{"line":18,"column":49},"end":{"line":18,"column":68}},{"start":{"line":18,"column":69},"end":{"line":18,"column":83}}],"line":18},"1":{"loc":{"start":{"line":21,"column":25},"end":{"line":21,"column":56}},"type":"cond-expr","locations":[{"start":{"line":21,"column":44},"end":{"line":21,"column":48}},{"start":{"line":21,"column":51},"end":{"line":21,"column":56}}],"line":21},"2":{"loc":{"start":{"line":22,"column":27},"end":{"line":22,"column":58}},"type":"cond-expr","locations":[{"start":{"line":22,"column":46},"end":{"line":22,"column":50}},{"start":{"line":22,"column":53},"end":{"line":22,"column":58}}],"line":22},"3":{"loc":{"start":{"line":28,"column":30},"end":{"line":28,"column":83}},"type":"cond-expr","locations":[{"start":{"line":28,"column":49},"end":{"line":28,"column":68}},{"start":{"line":28,"column":69},"end":{"line":28,"column":83}}],"line":28},"4":{"loc":{"start":{"line":31,"column":25},"end":{"line":31,"column":56}},"type":"cond-expr","locations":[{"start":{"line":31,"column":44},"end":{"line":31,"column":48}},{"start":{"line":31,"column":51},"end":{"line":31,"column":56}}],"line":31},"5":{"loc":{"start":{"line":32,"column":27},"end":{"line":32,"column":58}},"type":"cond-expr","locations":[{"start":{"line":32,"column":46},"end":{"line":32,"column":50}},{"start":{"line":32,"column":53},"end":{"line":32,"column":58}}],"line":32},"6":{"loc":{"start":{"line":38,"column":30},"end":{"line":38,"column":83}},"type":"cond-expr","locations":[{"start":{"line":38,"column":49},"end":{"line":38,"column":68}},{"start":{"line":38,"column":69},"end":{"line":38,"column":83}}],"line":38},"7":{"loc":{"start":{"line":41,"column":25},"end":{"line":41,"column":56}},"type":"cond-expr","locations":[{"start":{"line":41,"column":44},"end":{"line":41,"column":48}},{"start":{"line":41,"column":51},"end":{"line":41,"column":56}}],"line":41},"8":{"loc":{"start":{"line":42,"column":27},"end":{"line":42,"column":58}},"type":"cond-expr","locations":[{"start":{"line":42,"column":46},"end":{"line":42,"column":50}},{"start":{"line":42,"column":53},"end":{"line":42,"column":58}}],"line":42}},"s":{"0":3,"1":11,"2":11,"3":3,"4":3},"f":{"0":11,"1":0},"b":{"0":[6,5],"1":[6,5],"2":[6,5],"3":[3,8],"4":[3,8],"5":[3,8],"6":[2,9],"7":[2,9],"8":[2,9]},"_coverageSchema":"43e27e138ebf9cfc5966b082cf9a028302ed4184","hash":"068b664bf410b73e2a56d70e0fe1435a0baa1ef7"}
,"/home/gwl/learning-react/src/Component/ToDo/ToDoFilter/index.jsx": {"path":"/home/gwl/learning-react/src/Component/ToDo/ToDoFilter/index.jsx","statementMap":{},"fnMap":{},"branchMap":{},"s":{},"f":{},"b":{},"_coverageSchema":"43e27e138ebf9cfc5966b082cf9a028302ed4184","hash":"293d6e34ee74c8bbe3609a29d92885f42cc87922"}
,"/home/gwl/learning-react/src/Component/ToDo/ToDoList/ToDoList.jsx": {"path":"/home/gwl/learning-react/src/Component/ToDo/ToDoList/ToDoList.jsx","statementMap":{"0":{"start":{"line":12,"column":8},"end":{"line":12,"column":21}},"1":{"start":{"line":13,"column":8},"end":{"line":17,"column":9}},"2":{"start":{"line":20,"column":8},"end":{"line":20,"column":30}},"3":{"start":{"line":24,"column":8},"end":{"line":30,"column":9}},"4":{"start":{"line":25,"column":12},"end":{"line":29,"column":15}},"5":{"start":{"line":28,"column":16},"end":{"line":28,"column":38}},"6":{"start":{"line":33,"column":17},"end":{"line":35,"column":5}},"7":{"start":{"line":34,"column":8},"end":{"line":34,"column":42}},"8":{"start":{"line":37,"column":17},"end":{"line":43,"column":5}},"9":{"start":{"line":38,"column":36},"end":{"line":38,"column":46}},"10":{"start":{"line":39,"column":29},"end":{"line":41,"column":10}},"11":{"start":{"line":40,"column":12},"end":{"line":40,"column":38}},"12":{"start":{"line":42,"column":8},"end":{"line":42,"column":34}},"13":{"start":{"line":45,"column":23},"end":{"line":57,"column":5}},"14":{"start":{"line":46,"column":31},"end":{"line":46,"column":52}},"15":{"start":{"line":47,"column":8},"end":{"line":51,"column":9}},"16":{"start":{"line":47,"column":20},"end":{"line":47,"column":21}},"17":{"start":{"line":48,"column":12},"end":{"line":50,"column":13}},"18":{"start":{"line":49,"column":16},"end":{"line":49,"column":53}},"19":{"start":{"line":52,"column":8},"end":{"line":56,"column":11}},"20":{"start":{"line":55,"column":12},"end":{"line":55,"column":34}},"21":{"start":{"line":59,"column":31},"end":{"line":69,"column":5}},"22":{"start":{"line":60,"column":34},"end":{"line":60,"column":55}},"23":{"start":{"line":61,"column":8},"end":{"line":65,"column":9}},"24":{"start":{"line":61,"column":20},"end":{"line":61,"column":21}},"25":{"start":{"line":62,"column":12},"end":{"line":64,"column":13}},"26":{"start":{"line":63,"column":16},"end":{"line":63,"column":61}},"27":{"start":{"line":66,"column":8},"end":{"line":68,"column":11}},"28":{"start":{"line":71,"column":17},"end":{"line":92,"column":5}},"29":{"start":{"line":72,"column":27},"end":{"line":72,"column":48}},"30":{"start":{"line":73,"column":25},"end":{"line":73,"column":27}},"31":{"start":{"line":74,"column":8},"end":{"line":87,"column":9}},"32":{"start":{"line":76,"column":12},"end":{"line":76,"column":38}},"33":{"start":{"line":77,"column":15},"end":{"line":87,"column":9}},"34":{"start":{"line":79,"column":12},"end":{"line":81,"column":15}},"35":{"start":{"line":80,"column":16},"end":{"line":80,"column":45}},"36":{"start":{"line":82,"column":15},"end":{"line":87,"column":9}},"37":{"start":{"line":84,"column":12},"end":{"line":86,"column":15}},"38":{"start":{"line":85,"column":16},"end":{"line":85,"column":50}},"39":{"start":{"line":88,"column":8},"end":{"line":91,"column":11}},"40":{"start":{"line":94,"column":40},"end":{"line":94,"column":50}},"41":{"start":{"line":95,"column":8},"end":{"line":129,"column":10}},"42":{"start":{"line":111,"column":28},"end":{"line":123,"column":30}},"43":{"start":{"line":120,"column":48},"end":{"line":120,"column":74}},"44":{"start":{"line":132,"column":0},"end":{"line":136,"column":1}},"45":{"start":{"line":137,"column":0},"end":{"line":141,"column":1}}},"fnMap":{"0":{"name":"(anonymous_0)","decl":{"start":{"line":11,"column":4},"end":{"line":11,"column":5}},"loc":{"start":{"line":11,"column":22},"end":{"line":18,"column":5}},"line":11},"1":{"name":"(anonymous_1)","decl":{"start":{"line":19,"column":4},"end":{"line":19,"column":5}},"loc":{"start":{"line":19,"column":23},"end":{"line":21,"column":5}},"line":19},"2":{"name":"(anonymous_2)","decl":{"start":{"line":23,"column":4},"end":{"line":23,"column":5}},"loc":{"start":{"line":23,"column":45},"end":{"line":31,"column":5}},"line":23},"3":{"name":"(anonymous_3)","decl":{"start":{"line":27,"column":14},"end":{"line":27,"column":15}},"loc":{"start":{"line":27,"column":18},"end":{"line":29,"column":13}},"line":27},"4":{"name":"(anonymous_4)","decl":{"start":{"line":33,"column":17},"end":{"line":33,"column":18}},"loc":{"start":{"line":33,"column":31},"end":{"line":35,"column":5}},"line":33},"5":{"name":"(anonymous_5)","decl":{"start":{"line":37,"column":17},"end":{"line":37,"column":18}},"loc":{"start":{"line":37,"column":26},"end":{"line":43,"column":5}},"line":37},"6":{"name":"(anonymous_6)","decl":{"start":{"line":39,"column":42},"end":{"line":39,"column":43}},"loc":{"start":{"line":39,"column":50},"end":{"line":41,"column":9}},"line":39},"7":{"name":"(anonymous_7)","decl":{"start":{"line":45,"column":23},"end":{"line":45,"column":24}},"loc":{"start":{"line":45,"column":45},"end":{"line":57,"column":5}},"line":45},"8":{"name":"(anonymous_8)","decl":{"start":{"line":54,"column":10},"end":{"line":54,"column":11}},"loc":{"start":{"line":54,"column":16},"end":{"line":56,"column":9}},"line":54},"9":{"name":"(anonymous_9)","decl":{"start":{"line":59,"column":31},"end":{"line":59,"column":32}},"loc":{"start":{"line":59,"column":53},"end":{"line":69,"column":5}},"line":59},"10":{"name":"(anonymous_10)","decl":{"start":{"line":71,"column":17},"end":{"line":71,"column":18}},"loc":{"start":{"line":71,"column":32},"end":{"line":92,"column":5}},"line":71},"11":{"name":"(anonymous_11)","decl":{"start":{"line":79,"column":47},"end":{"line":79,"column":48}},"loc":{"start":{"line":79,"column":61},"end":{"line":81,"column":13}},"line":79},"12":{"name":"(anonymous_12)","decl":{"start":{"line":84,"column":49},"end":{"line":84,"column":50}},"loc":{"start":{"line":84,"column":63},"end":{"line":86,"column":13}},"line":84},"13":{"name":"(anonymous_13)","decl":{"start":{"line":93,"column":4},"end":{"line":93,"column":5}},"loc":{"start":{"line":93,"column":14},"end":{"line":130,"column":5}},"line":93},"14":{"name":"(anonymous_14)","decl":{"start":{"line":110,"column":38},"end":{"line":110,"column":39}},"loc":{"start":{"line":110,"column":56},"end":{"line":124,"column":25}},"line":110},"15":{"name":"(anonymous_15)","decl":{"start":{"line":120,"column":44},"end":{"line":120,"column":45}},"loc":{"start":{"line":120,"column":48},"end":{"line":120,"column":74}},"line":120},"16":{"name":"(anonymous_16)","decl":{"start":{"line":133,"column":17},"end":{"line":133,"column":18}},"loc":{"start":{"line":133,"column":23},"end":{"line":133,"column":25}},"line":133},"17":{"name":"(anonymous_17)","decl":{"start":{"line":135,"column":19},"end":{"line":135,"column":20}},"loc":{"start":{"line":135,"column":25},"end":{"line":135,"column":27}},"line":135}},"branchMap":{"0":{"loc":{"start":{"line":24,"column":8},"end":{"line":30,"column":9}},"type":"if","locations":[{"start":{"line":24,"column":8},"end":{"line":30,"column":9}},{"start":{"line":24,"column":8},"end":{"line":30,"column":9}}],"line":24},"1":{"loc":{"start":{"line":48,"column":12},"end":{"line":50,"column":13}},"type":"if","locations":[{"start":{"line":48,"column":12},"end":{"line":50,"column":13}},{"start":{"line":48,"column":12},"end":{"line":50,"column":13}}],"line":48},"2":{"loc":{"start":{"line":62,"column":12},"end":{"line":64,"column":13}},"type":"if","locations":[{"start":{"line":62,"column":12},"end":{"line":64,"column":13}},{"start":{"line":62,"column":12},"end":{"line":64,"column":13}}],"line":62},"3":{"loc":{"start":{"line":74,"column":8},"end":{"line":87,"column":9}},"type":"if","locations":[{"start":{"line":74,"column":8},"end":{"line":87,"column":9}},{"start":{"line":74,"column":8},"end":{"line":87,"column":9}}],"line":74},"4":{"loc":{"start":{"line":77,"column":15},"end":{"line":87,"column":9}},"type":"if","locations":[{"start":{"line":77,"column":15},"end":{"line":87,"column":9}},{"start":{"line":77,"column":15},"end":{"line":87,"column":9}}],"line":77},"5":{"loc":{"start":{"line":82,"column":15},"end":{"line":87,"column":9}},"type":"if","locations":[{"start":{"line":82,"column":15},"end":{"line":87,"column":9}},{"start":{"line":82,"column":15},"end":{"line":87,"column":9}}],"line":82}},"s":{"0":1,"1":1,"2":1,"3":9,"4":0,"5":0,"6":1,"7":0,"8":1,"9":0,"10":0,"11":0,"12":0,"13":1,"14":1,"15":1,"16":1,"17":1,"18":1,"19":1,"20":1,"21":1,"22":0,"23":0,"24":0,"25":0,"26":0,"27":0,"28":1,"29":7,"30":7,"31":7,"32":3,"33":4,"34":2,"35":2,"36":2,"37":2,"38":2,"39":7,"40":10,"41":10,"42":6,"43":0,"44":2,"45":2},"f":{"0":1,"1":1,"2":9,"3":0,"4":0,"5":0,"6":0,"7":1,"8":1,"9":0,"10":7,"11":2,"12":2,"13":10,"14":6,"15":0,"16":0,"17":0},"b":{"0":[0,9],"1":[1,0],"2":[0,0],"3":[3,4],"4":[2,2],"5":[2,0]},"_coverageSchema":"43e27e138ebf9cfc5966b082cf9a028302ed4184","hash":"a3ea6fca4fba37ba91d863383e1c7c0a7e2a5787"}
,"/home/gwl/learning-react/src/Component/ToDo/ToDoList/index.jsx": {"path":"/home/gwl/learning-react/src/Component/ToDo/ToDoList/index.jsx","statementMap":{},"fnMap":{},"branchMap":{},"s":{},"f":{},"b":{},"hash":"fdefac85257cadec2a27f0cc626d0f98a900d970"}
,"/home/gwl/learning-react/src/Component/ToDo/ToDoStatus/ToDoStatus.jsx": {"path":"/home/gwl/learning-react/src/Component/ToDo/ToDoStatus/ToDoStatus.jsx","statementMap":{"0":{"start":{"line":11,"column":19},"end":{"line":27,"column":1}},"1":{"start":{"line":16,"column":8},"end":{"line":16,"column":13}},"2":{"start":{"line":17,"column":4},"end":{"line":26,"column":6}},"3":{"start":{"line":28,"column":0},"end":{"line":32,"column":1}},"4":{"start":{"line":33,"column":0},"end":{"line":37,"column":1}}},"fnMap":{"0":{"name":"(anonymous_0)","decl":{"start":{"line":11,"column":19},"end":{"line":11,"column":20}},"loc":{"start":{"line":11,"column":28},"end":{"line":27,"column":1}},"line":11},"1":{"name":"(anonymous_1)","decl":{"start":{"line":30,"column":19},"end":{"line":30,"column":20}},"loc":{"start":{"line":30,"column":25},"end":{"line":30,"column":27}},"line":30}},"branchMap":{"0":{"loc":{"start":{"line":20,"column":24},"end":{"line":20,"column":55}},"type":"cond-expr","locations":[{"start":{"line":20,"column":37},"end":{"line":20,"column":45}},{"start":{"line":20,"column":46},"end":{"line":20,"column":55}}],"line":20},"1":{"loc":{"start":{"line":21,"column":25},"end":{"line":21,"column":68}},"type":"cond-expr","locations":[{"start":{"line":21,"column":38},"end":{"line":21,"column":52}},{"start":{"line":21,"column":53},"end":{"line":21,"column":68}}],"line":21},"2":{"loc":{"start":{"line":24,"column":20},"end":{"line":24,"column":43}},"type":"cond-expr","locations":[{"start":{"line":24,"column":33},"end":{"line":24,"column":37}},{"start":{"line":24,"column":38},"end":{"line":24,"column":43}}],"line":24}},"s":{"0":2,"1":6,"2":6,"3":2,"4":2},"f":{"0":6,"1":0},"b":{"0":[3,3],"1":[3,3],"2":[3,3]},"_coverageSchema":"43e27e138ebf9cfc5966b082cf9a028302ed4184","hash":"6b6fb8e3777613689a3a36259801ab1bf7845248"}
,"/home/gwl/learning-react/src/Component/ToDo/ToDoStatus/index.jsx": {"path":"/home/gwl/learning-react/src/Component/ToDo/ToDoStatus/index.jsx","statementMap":{},"fnMap":{},"branchMap":{},"s":{},"f":{},"b":{},"_coverageSchema":"43e27e138ebf9cfc5966b082cf9a028302ed4184","hash":"60f070303d2089760bd31648e473bea4208804b0"}
}
