TN:
SF:/home/gwl/learning-react/src/App.js
FN:5,(anonymous_0)
FNF:1
FNH:1
FNDA:1,(anonymous_0)
DA:5,1
DA:6,1
LF:2
LH:2
BRF:0
BRH:0
end_of_record
TN:
SF:/home/gwl/learning-react/src/FooterData.jsx
FNF:0
FNH:0
DA:3,3
DA:51,3
LF:2
LH:2
BRF:0
BRH:0
end_of_record
TN:
SF:/home/gwl/learning-react/src/Component/Footer/Footer.jsx
FN:13,(anonymous_0)
FN:17,(anonymous_1)
FNF:2
FNH:2
FNDA:3,(anonymous_0)
FNDA:15,(anonymous_1)
DA:13,2
DA:14,3
DA:18,15
LF:3
LH:3
BRF:0
BRH:0
end_of_record
TN:
SF:/home/gwl/learning-react/src/Component/Footer/FooterCopyright/FooterCopyright.jsx
FN:10,(anonymous_0)
FN:23,(anonymous_1)
FNF:2
FNH:2
FNDA:3,(anonymous_0)
FNDA:3,(anonymous_1)
DA:10,2
DA:11,3
DA:23,2
DA:24,3
DA:25,3
DA:32,2
LF:6
LH:6
BRF:0
BRH:0
end_of_record
TN:
SF:/home/gwl/learning-react/src/Component/Footer/FooterCopyright/index.jsx
FNF:0
FNH:0
LF:0
LH:0
BRF:0
BRH:0
end_of_record
TN:
SF:/home/gwl/learning-react/src/Component/Footer/FooterLink/FooterLink.jsx
FN:12,(anonymous_0)
FN:17,(anonymous_1)
FNF:2
FNH:2
FNDA:15,(anonymous_0)
FNDA:54,(anonymous_1)
DA:12,2
DA:13,15
DA:14,15
DA:18,54
DA:27,2
LF:5
LH:5
BRF:0
BRH:0
end_of_record
TN:
SF:/home/gwl/learning-react/src/Component/Footer/FooterLink/index.jsx
FNF:0
FNH:0
LF:0
LH:0
BRF:0
BRH:0
end_of_record
TN:
SF:/home/gwl/learning-react/src/Component/Footer/FooterSocial/FooterSocial.jsx
FN:11,(anonymous_0)
FN:17,(anonymous_1)
FNF:2
FNH:2
FNDA:4,(anonymous_0)
FNDA:20,(anonymous_1)
DA:11,3
DA:12,4
DA:13,4
DA:18,20
DA:30,3
LF:5
LH:5
BRF:0
BRH:0
end_of_record
TN:
SF:/home/gwl/learning-react/src/Component/Footer/FooterSocial/index.jsx
FNF:0
FNH:0
LF:0
LH:0
BRF:0
BRH:0
end_of_record
TN:
SF:/home/gwl/learning-react/src/Component/Shared/Button/Button.jsx
FN:15,(anonymous_0)
FN:30,(anonymous_1)
FN:42,(anonymous_2)
FNF:3
FNH:2
FNDA:60,(anonymous_0)
FNDA:10,(anonymous_1)
FNDA:0,(anonymous_2)
DA:15,5
DA:24,60
DA:25,60
DA:30,10
DA:38,5
DA:48,5
LF:6
LH:6
BRF:0
BRH:0
end_of_record
TN:
SF:/home/gwl/learning-react/src/Component/Shared/Button/index.jsx
FNF:0
FNH:0
LF:0
LH:0
BRF:0
BRH:0
end_of_record
TN:
SF:/home/gwl/learning-react/src/Component/Shared/Heading/Heading.jsx
FN:10,(anonymous_0)
FNF:1
FNH:1
FNDA:21,(anonymous_0)
DA:10,3
DA:11,21
DA:12,21
DA:14,1
DA:16,1
DA:18,1
DA:20,17
DA:22,1
DA:25,3
DA:29,3
LF:10
LH:10
BRDA:12,0,0,1
BRDA:12,0,1,1
BRDA:12,0,2,1
BRDA:12,0,3,17
BRDA:12,0,4,1
BRF:5
BRH:5
end_of_record
TN:
SF:/home/gwl/learning-react/src/Component/Shared/Heading/index.jsx
FNF:0
FNH:0
LF:0
LH:0
BRF:0
BRH:0
end_of_record
TN:
SF:/home/gwl/learning-react/src/Component/Shared/Icons/Icon.jsx
FN:10,(anonymous_0)
FNF:1
FNH:1
FNDA:22,(anonymous_0)
DA:10,4
DA:11,22
DA:12,22
DA:19,4
LF:4
LH:4
BRF:0
BRH:0
end_of_record
TN:
SF:/home/gwl/learning-react/src/Component/Shared/Icons/index.jsx
FNF:0
FNH:0
LF:0
LH:0
BRF:0
BRH:0
end_of_record
TN:
SF:/home/gwl/learning-react/src/Component/Shared/Input/Input.jsx
FN:15,(anonymous_0)
FN:34,(anonymous_1)
FN:47,(anonymous_2)
FNF:3
FNH:2
FNDA:1,(anonymous_0)
FNDA:1,(anonymous_1)
FNDA:0,(anonymous_2)
DA:15,2
DA:24,1
DA:25,1
DA:34,1
DA:42,2
DA:52,2
LF:6
LH:6
BRF:0
BRH:0
end_of_record
TN:
SF:/home/gwl/learning-react/src/Component/Shared/Input/index.jsx
FNF:0
FNH:0
LF:0
LH:0
BRF:0
BRH:0
end_of_record
TN:
SF:/home/gwl/learning-react/src/Component/Shared/Link/Link.jsx
FN:8,(anonymous_0)
FNF:1
FNH:1
FNDA:54,(anonymous_0)
DA:8,2
DA:9,54
DA:10,54
DA:12,2
LF:4
LH:4
BRF:0
BRH:0
end_of_record
TN:
SF:/home/gwl/learning-react/src/Component/Shared/Link/index.jsx
FNF:0
FNH:0
LF:0
LH:0
BRF:0
BRH:0
end_of_record
TN:
SF:/home/gwl/learning-react/src/Component/Shared/Text/Text.jsx
FN:8,(anonymous_0)
FNF:1
FNH:1
FNDA:18,(anonymous_0)
DA:8,5
DA:9,18
DA:10,18
DA:12,5
LF:4
LH:4
BRF:0
BRH:0
end_of_record
TN:
SF:/home/gwl/learning-react/src/Component/Shared/Text/index.jsx
FNF:0
FNH:0
LF:0
LH:0
BRF:0
BRH:0
end_of_record
TN:
SF:/home/gwl/learning-react/src/Component/ToDo/ToDo.jsx
FN:10,(anonymous_0)
FN:21,(anonymous_1)
FN:26,(anonymous_2)
FN:39,(anonymous_3)
FN:58,(anonymous_4)
FN:68,(anonymous_5)
FN:74,(anonymous_6)
FN:78,(anonymous_7)
FN:99,(anonymous_8)
FNF:9
FNH:0
FNDA:0,(anonymous_0)
FNDA:0,(anonymous_1)
FNDA:0,(anonymous_2)
FNDA:0,(anonymous_3)
FNDA:0,(anonymous_4)
FNDA:0,(anonymous_5)
FNDA:0,(anonymous_6)
FNDA:0,(anonymous_7)
FNDA:0,(anonymous_8)
DA:11,0
DA:12,0
DA:21,0
DA:22,0
DA:26,0
DA:27,0
DA:28,0
DA:29,0
DA:31,0
DA:32,0
DA:33,0
DA:36,0
DA:39,0
DA:48,0
DA:55,0
DA:58,0
DA:68,0
DA:69,0
DA:75,0
DA:78,0
DA:99,0
LF:21
LH:0
BRDA:29,0,0,0
BRDA:29,0,1,0
BRDA:32,1,0,0
BRDA:32,1,1,0
BRF:4
BRH:0
end_of_record
TN:
SF:/home/gwl/learning-react/src/Component/ToDo/index.jsx
FNF:0
FNH:0
LF:0
LH:0
BRF:0
BRH:0
end_of_record
TN:
SF:/home/gwl/learning-react/src/Component/ToDo/CompleteToDoStatus/CompleteToDoStatus.jsx
FN:11,(anonymous_0)
FN:30,(anonymous_1)
FNF:2
FNH:1
FNDA:6,(anonymous_0)
FNDA:0,(anonymous_1)
DA:11,2
DA:16,6
DA:17,6
DA:28,2
DA:33,2
LF:5
LH:5
BRDA:20,0,0,0
BRDA:20,0,1,6
BRDA:21,1,0,0
BRDA:21,1,1,6
BRDA:24,2,0,0
BRDA:24,2,1,6
BRF:6
BRH:3
end_of_record
TN:
SF:/home/gwl/learning-react/src/Component/ToDo/CompleteToDoStatus/index.jsx
FNF:0
FNH:0
LF:0
LH:0
BRF:0
BRH:0
end_of_record
TN:
SF:/home/gwl/learning-react/src/Component/ToDo/ToDoAction/ToDoAction.jsx
FN:11,(anonymous_0)
FN:37,(anonymous_1)
FN:38,(anonymous_2)
FNF:3
FNH:1
FNDA:7,(anonymous_0)
FNDA:0,(anonymous_1)
FNDA:0,(anonymous_2)
DA:11,3
DA:16,7
DA:17,7
DA:36,3
DA:41,3
LF:5
LH:5
BRF:0
BRH:0
end_of_record
TN:
SF:/home/gwl/learning-react/src/Component/ToDo/ToDoAction/index.jsx
FNF:0
FNH:0
LF:0
LH:0
BRF:0
BRH:0
end_of_record
TN:
SF:/home/gwl/learning-react/src/Component/ToDo/ToDoElements/ToDoElements.jsx
FN:19,(anonymous_0)
FN:62,(anonymous_1)
FN:63,(anonymous_2)
FN:64,(anonymous_3)
FN:65,(anonymous_4)
FNF:5
FNH:1
FNDA:6,(anonymous_0)
FNDA:0,(anonymous_1)
FNDA:0,(anonymous_2)
FNDA:0,(anonymous_3)
FNDA:0,(anonymous_4)
DA:19,2
DA:29,6
DA:30,6
DA:57,2
DA:67,2
LF:5
LH:5
BRF:0
BRH:0
end_of_record
TN:
SF:/home/gwl/learning-react/src/Component/ToDo/ToDoElements/index.jsx
FNF:0
FNH:0
LF:0
LH:0
BRF:0
BRH:0
end_of_record
TN:
SF:/home/gwl/learning-react/src/Component/ToDo/ToDoFilter/ToDoFilter.jsx
FN:11,(anonymous_0)
FN:49,(anonymous_1)
FNF:2
FNH:1
FNDA:11,(anonymous_0)
FNDA:0,(anonymous_1)
DA:11,3
DA:12,11
DA:13,11
DA:48,3
DA:52,3
LF:5
LH:5
BRDA:18,0,0,6
BRDA:18,0,1,5
BRDA:21,1,0,6
BRDA:21,1,1,5
BRDA:22,2,0,6
BRDA:22,2,1,5
BRDA:28,3,0,3
BRDA:28,3,1,8
BRDA:31,4,0,3
BRDA:31,4,1,8
BRDA:32,5,0,3
BRDA:32,5,1,8
BRDA:38,6,0,2
BRDA:38,6,1,9
BRDA:41,7,0,2
BRDA:41,7,1,9
BRDA:42,8,0,2
BRDA:42,8,1,9
BRF:18
BRH:18
end_of_record
TN:
SF:/home/gwl/learning-react/src/Component/ToDo/ToDoFilter/index.jsx
FNF:0
FNH:0
LF:0
LH:0
BRF:0
BRH:0
end_of_record
TN:
SF:/home/gwl/learning-react/src/Component/ToDo/ToDoList/ToDoList.jsx
FN:11,(anonymous_0)
FN:19,(anonymous_1)
FN:23,(anonymous_2)
FN:27,(anonymous_3)
FN:33,(anonymous_4)
FN:37,(anonymous_5)
FN:39,(anonymous_6)
FN:45,(anonymous_7)
FN:54,(anonymous_8)
FN:59,(anonymous_9)
FN:71,(anonymous_10)
FN:79,(anonymous_11)
FN:84,(anonymous_12)
FN:93,(anonymous_13)
FN:110,(anonymous_14)
FN:120,(anonymous_15)
FN:133,(anonymous_16)
FN:135,(anonymous_17)
FNF:18
FNH:10
FNDA:1,(anonymous_0)
FNDA:1,(anonymous_1)
FNDA:9,(anonymous_2)
FNDA:0,(anonymous_3)
FNDA:0,(anonymous_4)
FNDA:0,(anonymous_5)
FNDA:0,(anonymous_6)
FNDA:1,(anonymous_7)
FNDA:1,(anonymous_8)
FNDA:0,(anonymous_9)
FNDA:7,(anonymous_10)
FNDA:2,(anonymous_11)
FNDA:2,(anonymous_12)
FNDA:10,(anonymous_13)
FNDA:6,(anonymous_14)
FNDA:0,(anonymous_15)
FNDA:0,(anonymous_16)
FNDA:0,(anonymous_17)
DA:12,1
DA:13,1
DA:20,1
DA:24,9
DA:25,0
DA:28,0
DA:33,1
DA:34,0
DA:37,1
DA:38,0
DA:39,0
DA:40,0
DA:42,0
DA:45,1
DA:46,1
DA:47,1
DA:48,1
DA:49,1
DA:52,1
DA:55,1
DA:59,1
DA:60,0
DA:61,0
DA:62,0
DA:63,0
DA:66,0
DA:71,1
DA:72,7
DA:73,7
DA:74,7
DA:76,3
DA:77,4
DA:79,2
DA:80,2
DA:82,2
DA:84,2
DA:85,2
DA:88,7
DA:94,10
DA:95,10
DA:111,6
DA:120,0
DA:132,2
DA:137,2
LF:44
LH:31
BRDA:24,0,0,0
BRDA:24,0,1,9
BRDA:48,1,0,1
BRDA:48,1,1,0
BRDA:62,2,0,0
BRDA:62,2,1,0
BRDA:74,3,0,3
BRDA:74,3,1,4
BRDA:77,4,0,2
BRDA:77,4,1,2
BRDA:82,5,0,2
BRDA:82,5,1,0
BRF:12
BRH:7
end_of_record
TN:
SF:/home/gwl/learning-react/src/Component/ToDo/ToDoList/index.jsx
FNF:0
FNH:0
LF:0
LH:0
BRF:0
BRH:0
end_of_record
TN:
SF:/home/gwl/learning-react/src/Component/ToDo/ToDoStatus/ToDoStatus.jsx
FN:11,(anonymous_0)
FN:30,(anonymous_1)
FNF:2
FNH:1
FNDA:6,(anonymous_0)
FNDA:0,(anonymous_1)
DA:11,2
DA:16,6
DA:17,6
DA:28,2
DA:33,2
LF:5
LH:5
BRDA:20,0,0,3
BRDA:20,0,1,3
BRDA:21,1,0,3
BRDA:21,1,1,3
BRDA:24,2,0,3
BRDA:24,2,1,3
BRF:6
BRH:6
end_of_record
TN:
SF:/home/gwl/learning-react/src/Component/ToDo/ToDoStatus/index.jsx
FNF:0
FNH:0
LF:0
LH:0
BRF:0
BRH:0
end_of_record
